2022-08-12/09:49:20 [ERR] <Devicemanager.go 241> DB_FindWaring error:Error 1146: Table 'rangeidc.event_log_src_a12' doesn't exist
2022-08-12/09:49:20 [ERR] <Devicemanager.go 197> DB_FindAllDevice error:Error 1146: Table 'rangeidc.event_log_src_a12' doesn't exist
2022-08-12/09:49:26 [ERR] <Devicemanager.go 197> DB_FindAllDevice error:Error 1146: Table 'rangeidc.event_log_src_a11' doesn't exist
2022-08-12/09:49:26 [ERR] <Devicemanager.go 241> DB_FindWaring error:Error 1146: Table 'rangeidc.event_log_src_a11' doesn't exist
2022-08-12/09:49:33 [ERR] <Devicemanager.go 241> DB_FindWaring error:Error 1146: Table 'rangeidc.event_log_src_a10' doesn't exist
2022-08-12/09:49:33 [ERR] <Devicemanager.go 197> DB_FindAllDevice error:Error 1146: Table 'rangeidc.event_log_src_a10' doesn't exist
2022-08-12/09:49:53 [ERR] <Devicemanager.go 241> DB_FindWaring error:Error 1146: Table 'rangeidc.event_log_src_a10' doesn't exist
2022-08-12/09:49:53 [ERR] <Devicemanager.go 197> DB_FindAllDevice error:Error 1146: Table 'rangeidc.event_log_src_a10' doesn't exist
2022-08-12/09:50:14 [ERR] <Devicemanager.go 241> DB_FindWaring error:Error 1146: Table 'rangeidc.event_log_src_a10' doesn't exist
2022-08-12/09:50:14 [ERR] <Devicemanager.go 197> DB_FindAllDevice error:Error 1146: Table 'rangeidc.event_log_src_a10' doesn't exist
2022-08-12/09:50:34 [ERR] <Devicemanager.go 241> DB_FindWaring error:Error 1146: Table 'rangeidc.event_log_src_a10' doesn't exist
2022-08-12/09:50:34 [ERR] <Devicemanager.go 197> DB_FindAllDevice error:Error 1146: Table 'rangeidc.event_log_src_a10' doesn't exist
2022-08-12/09:50:54 [ERR] <Devicemanager.go 197> DB_FindAllDevice error:Error 1146: Table 'rangeidc.event_log_src_a10' doesn't exist
2022-08-12/09:50:54 [ERR] <Devicemanager.go 241> DB_FindWaring error:Error 1146: Table 'rangeidc.event_log_src_a10' doesn't exist
2022-08-12/09:51:13 [ERR] <Devicemanager.go 241> DB_FindWaring error:Error 1146: Table 'rangeidc.event_log_src_a10' doesn't exist
2022-08-12/09:51:13 [ERR] <Devicemanager.go 197> DB_FindAllDevice error:Error 1146: Table 'rangeidc.event_log_src_a10' doesn't exist
2022-08-12/09:51:33 [ERR] <Devicemanager.go 241> DB_FindWaring error:Error 1146: Table 'rangeidc.event_log_src_a10' doesn't exist
2022-08-12/09:51:33 [ERR] <Devicemanager.go 197> DB_FindAllDevice error:Error 1146: Table 'rangeidc.event_log_src_a10' doesn't exist
2022-08-18/16:10:48 [ERR] <Devicemanager.go 254> DB_FindWaring error:sql: expected 0 arguments, got 1
2022-08-18/16:11:31 [ERR] <Devicemanager.go 254> DB_FindWaring error:sql: expected 0 arguments, got 1
2022-08-18/16:11:40 [ERR] <Devicemanager.go 254> DB_FindWaring error:sql: expected 0 arguments, got 1
2022-08-31/13:57:05 [ERR] <ZheXianManager.go 47> INFLUX_FindPUEById error:invalid: error @2:17-2:23: undefined identifier sspaas
2022-08-31/13:58:29 [ERR] <ZheXianManager.go 47> INFLUX_FindPUEById error:invalid: error @2:17-2:28: undefined identifier sspaas_test
2022-08-31/14:21:01 [ERR] <HttpHandler.go 26> Listen Server error:listen tcp :8090: bind: An attempt was made to access a socket in a way forbidden by its access permissions.
2022-08-31/14:21:01 [ERR] <HttpHandler.go 16> initServlet error:listen tcp :8090: bind: An attempt was made to access a socket in a way forbidden by its access permissions.
2022-08-31/14:21:38 [ERR] <HttpHandler.go 26> Listen Server error:listen tcp :8090: bind: An attempt was made to access a socket in a way forbidden by its access permissions.
2022-08-31/14:21:38 [ERR] <HttpHandler.go 16> initServlet error:listen tcp :8090: bind: An attempt was made to access a socket in a way forbidden by its access permissions.
2022-08-31/14:21:58 [ERR] <HttpHandler.go 26> Listen Server error:listen tcp :8090: bind: An attempt was made to access a socket in a way forbidden by its access permissions.
2022-08-31/14:21:58 [ERR] <HttpHandler.go 16> initServlet error:listen tcp :8090: bind: An attempt was made to access a socket in a way forbidden by its access permissions.
2022-08-31/14:24:14 [ERR] <HttpHandler.go 26> Listen Server error:listen tcp :8090: bind: An attempt was made to access a socket in a way forbidden by its access permissions.
2022-08-31/14:24:14 [ERR] <HttpHandler.go 16> initServlet error:listen tcp :8090: bind: An attempt was made to access a socket in a way forbidden by its access permissions.
2022-08-31/14:26:26 [ERR] <HttpHandler.go 26> Listen Server error:listen tcp :8090: bind: An attempt was made to access a socket in a way forbidden by its access permissions.
2022-08-31/14:26:26 [ERR] <HttpHandler.go 16> initServlet error:listen tcp :8090: bind: An attempt was made to access a socket in a way forbidden by its access permissions.
2022-08-31/14:27:26 [ERR] <HttpHandler.go 26> Listen Server error:listen tcp :8090: bind: An attempt was made to access a socket in a way forbidden by its access permissions.
2022-08-31/14:27:26 [ERR] <HttpHandler.go 16> initServlet error:listen tcp :8090: bind: An attempt was made to access a socket in a way forbidden by its access permissions.
2022-08-31/14:29:57 [ERR] <HttpHandler.go 26> Listen Server error:listen tcp :8090: bind: An attempt was made to access a socket in a way forbidden by its access permissions.
2022-08-31/14:29:57 [ERR] <HttpHandler.go 16> initServlet error:listen tcp :8090: bind: An attempt was made to access a socket in a way forbidden by its access permissions.
2022-08-31/14:30:14 [ERR] <HttpHandler.go 26> Listen Server error:listen tcp :8090: bind: An attempt was made to access a socket in a way forbidden by its access permissions.
2022-08-31/14:30:14 [ERR] <HttpHandler.go 16> initServlet error:listen tcp :8090: bind: An attempt was made to access a socket in a way forbidden by its access permissions.
2022-09-01/14:35:18 [ERR] <ZheXianManager.go 226> INFLUX_FindMonthColdArrow error:invalid: error @3:24-3:25: undefined identifier d

error @3:20-3:25: invalid binary operator <INVALID_OP>
2022-09-21/15:56:11 [ERR] <ZheXianManager.go 368> INFLUX_FindMonthColdArrow error:Post "http://10.3.0.109:8086/api/v2/query?org=sspaas_test": context deadline exceeded (Client.Timeout exceeded while awaiting headers)
2022-09-21/17:22:16 [ERR] <Devicemanager.go 158> DB_FindDeviceNum error:Error 1064: You have an error in your SQL syntax; check the manual that corresponds to your MariaDB server version for the right syntax to use near ')' at line 10
2022-09-21/17:23:07 [ERR] <Devicemanager.go 261> DB_FindWaring error:Error 1146: Table 'rangeidc.event_log_src_a10' doesn't exist
2022-09-21/17:23:07 [ERR] <Devicemanager.go 204> DB_FindAllDevice error:Error 1146: Table 'rangeidc.event_log_src_a10' doesn't exist
2022-09-21/17:23:26 [ERR] <Devicemanager.go 158> DB_FindDeviceNum error:Error 1064: You have an error in your SQL syntax; check the manual that corresponds to your MariaDB server version for the right syntax to use near ')' at line 10
2022-09-21/17:25:28 [ERR] <Devicemanager.go 158> DB_FindDeviceNum error:Error 1064: You have an error in your SQL syntax; check the manual that corresponds to your MariaDB server version for the right syntax to use near ')' at line 10
2022-09-21/17:25:58 [ERR] <Devicemanager.go 158> DB_FindDeviceNum error:Error 1064: You have an error in your SQL syntax; check the manual that corresponds to your MariaDB server version for the right syntax to use near ')' at line 10
2022-09-21/17:26:38 [ERR] <Devicemanager.go 158> DB_FindDeviceNum error:Error 1064: You have an error in your SQL syntax; check the manual that corresponds to your MariaDB server version for the right syntax to use near ')' at line 10
2022-09-21/17:26:58 [ERR] <Devicemanager.go 158> DB_FindDeviceNum error:Error 1064: You have an error in your SQL syntax; check the manual that corresponds to your MariaDB server version for the right syntax to use near ')' at line 10
2022-09-21/17:27:18 [ERR] <Devicemanager.go 158> DB_FindDeviceNum error:Error 1064: You have an error in your SQL syntax; check the manual that corresponds to your MariaDB server version for the right syntax to use near ')' at line 10
2022-09-22/08:49:57 [ERR] <Devicemanager.go 158> DB_FindDeviceNum error:Error 1064: You have an error in your SQL syntax; check the manual that corresponds to your MariaDB server version for the right syntax to use near ')' at line 10
2022-09-22/08:50:07 [ERR] <Devicemanager.go 158> DB_FindDeviceNum error:Error 1064: You have an error in your SQL syntax; check the manual that corresponds to your MariaDB server version for the right syntax to use near ')' at line 10
2022-09-22/08:52:41 [ERR] <Devicemanager.go 158> DB_FindDeviceNum error:Error 1064: You have an error in your SQL syntax; check the manual that corresponds to your MariaDB server version for the right syntax to use near ')' at line 10
2022-09-22/09:54:23 [ERR] <Devicemanager.go 204> DB_FindAllDevice error:Error 1146: Table 'rangeidc.event_log_src_a11' doesn't exist
2022-09-22/09:54:23 [ERR] <Devicemanager.go 261> DB_FindWaring error:Error 1146: Table 'rangeidc.event_log_src_a11' doesn't exist
2022-09-22/09:54:23 [ERR] <ZheXianManager.go 157> err: %v
数据全为空
2022-09-22/09:55:01 [ERR] <ZheXianManager.go 157> err: %v
数据全为空
2022-09-22/12:57:32 [ERR] <HttpHandler.go 26> Listen Server error:listen tcp :8091: bind: Only one usage of each socket address (protocol/network address/port) is normally permitted.
2022-09-22/12:57:32 [ERR] <HttpHandler.go 16> initServlet error:listen tcp :8091: bind: Only one usage of each socket address (protocol/network address/port) is normally permitted.
2022-09-22/13:00:57 [ERR] <Token.go 32> token:mongo: no documents in result
2022-09-23/13:51:57 [ERR] <ZheXianManager.go 175> 没有当前地址对应的influxdb
2022-09-23/13:51:57 [ERR] <ZheXianManager.go 158> err: %v
数据全为空
2022-09-23/13:52:29 [ERR] <ZheXianManager.go 175> 没有当前地址对应的influxdb
2022-09-23/13:52:29 [ERR] <ZheXianManager.go 158> err: %v
数据全为空
2022-09-23/13:54:00 [ERR] <ZheXianManager.go 175> 没有当前地址对应的influxdb
2022-09-23/13:54:00 [ERR] <ZheXianManager.go 158> err: %v
数据全为空
2022-09-23/13:54:09 [ERR] <ZheXianManager.go 175> 没有当前地址对应的influxdb
2022-09-23/13:54:09 [ERR] <ZheXianManager.go 158> err: %v
数据全为空
2022-09-23/14:14:37 [ERR] <ZheXianManager.go 174> 没有当前地址对应的influxdb
2022-09-23/14:14:37 [ERR] <ZheXianManager.go 157> err: %v
数据全为空
2022-09-23/14:14:46 [ERR] <ZheXianManager.go 174> 没有当前地址对应的influxdb
2022-09-23/14:14:46 [ERR] <ZheXianManager.go 157> err: %v
数据全为空
2022-09-23/14:15:26 [ERR] <ZheXianManager.go 174> 没有当前地址对应的influxdb
2022-09-23/14:15:26 [ERR] <ZheXianManager.go 157> err: %v
数据全为空
2022-09-23/14:15:46 [ERR] <ZheXianManager.go 174> 没有当前地址对应的influxdb
2022-09-23/14:15:46 [ERR] <ZheXianManager.go 157> err: %v
数据全为空
2022-09-23/14:16:06 [ERR] <ZheXianManager.go 174> 没有当前地址对应的influxdb
2022-09-23/14:16:06 [ERR] <ZheXianManager.go 157> err: %v
数据全为空
2022-09-23/14:16:26 [ERR] <ZheXianManager.go 174> 没有当前地址对应的influxdb
2022-09-23/14:16:26 [ERR] <ZheXianManager.go 157> err: %v
数据全为空
2022-09-23/15:00:38 [ERR] <Token.go 32> token:mongo: no documents in result
2022-09-23/15:16:28 [ERR] <HttpHandler.go 26> Listen Server error:listen tcp :8091: bind: Only one usage of each socket address (protocol/network address/port) is normally permitted.
2022-09-23/15:16:28 [ERR] <HttpHandler.go 14> initServlet error:listen tcp :8091: bind: Only one usage of each socket address (protocol/network address/port) is normally permitted.
2022-09-23/15:27:18 [ERR] <errors.go 59> PUE查询中，没有对应地址的influx数据库
2022-09-23/15:27:18 [ERR] <ZheXianManager.go 174> 没有当前地址对应的influxdb
2022-09-23/15:27:18 [ERR] <ZheXianManager.go 157> err: %v
数据全为空
2022-09-23/15:28:15 [ERR] <ZheXianManager.go 174> 没有当前地址对应的influxdb
2022-09-23/15:28:15 [ERR] <errors.go 59> PUE查询中，没有对应地址的influx数据库
2022-09-23/15:28:16 [ERR] <ZheXianManager.go 157> err: %v
数据全为空
2022-09-23/15:28:23 [ERR] <ZheXianManager.go 174> 没有当前地址对应的influxdb
2022-09-23/15:28:23 [ERR] <Devicemanager.go 213> DB_FindAllDevice error:Error 1146: Table 'rangeidc.event_log_src_a12' doesn't exist
2022-09-23/15:28:23 [ERR] <Devicemanager.go 269> DB_FindWaring error:Error 1146: Table 'rangeidc.event_log_src_a12' doesn't exist
2022-09-23/15:28:23 [ERR] <ZheXianManager.go 157> err: %v
数据全为空
2022-09-23/15:28:23 [ERR] <errors.go 59> PUE查询中，没有对应地址的influx数据库
2022-09-23/15:32:56 [ERR] <errors.go 59> PUE查询中，没有对应地址的influx数据库
2022-09-23/17:13:25 [ERR] <errors.go 59> PUE查询中，没有对应地址的influx数据库
2022-09-23/17:13:26 [ERR] <ZheXianManager.go 176> 没有当前地址对应的influxdb
2022-09-23/17:13:26 [ERR] <ZheXianManager.go 159> err: %v
数据全为空
2022-09-23/17:13:47 [ERR] <ZheXianManager.go 176> 没有当前地址对应的influxdb
2022-09-23/17:13:47 [ERR] <errors.go 59> PUE查询中，没有对应地址的influx数据库
2022-09-23/17:13:47 [ERR] <ZheXianManager.go 159> err: %v
数据全为空
2022-09-23/17:14:27 [ERR] <errors.go 59> PUE查询中，没有对应地址的influx数据库
2022-09-23/17:14:27 [ERR] <ZheXianManager.go 176> 没有当前地址对应的influxdb
2022-09-23/17:14:27 [ERR] <ZheXianManager.go 159> err: %v
数据全为空
2022-09-23/17:15:23 [ERR] <errors.go 59> PUE查询中，没有对应地址的influx数据库
2022-09-23/17:15:23 [ERR] <ZheXianManager.go 176> 没有当前地址对应的influxdb
2022-09-23/17:15:23 [ERR] <ZheXianManager.go 159> err: %v
数据全为空
2022-09-23/17:15:41 [ERR] <ZheXianManager.go 176> 没有当前地址对应的influxdb
2022-09-23/17:15:41 [ERR] <errors.go 59> PUE查询中，没有对应地址的influx数据库
2022-09-23/17:15:42 [ERR] <ZheXianManager.go 159> err: %v
数据全为空
2022-09-23/17:16:21 [ERR] <errors.go 59> PUE查询中，没有对应地址的influx数据库
2022-09-23/17:16:21 [ERR] <ZheXianManager.go 176> 没有当前地址对应的influxdb
2022-09-23/17:16:22 [ERR] <ZheXianManager.go 159> err: %v
数据全为空
2022-09-23/17:16:41 [ERR] <errors.go 59> PUE查询中，没有对应地址的influx数据库
2022-09-23/17:16:41 [ERR] <ZheXianManager.go 176> 没有当前地址对应的influxdb
2022-09-23/17:16:42 [ERR] <ZheXianManager.go 159> err: %v
数据全为空
2022-09-23/17:17:01 [ERR] <errors.go 59> PUE查询中，没有对应地址的influx数据库
2022-09-23/17:17:01 [ERR] <ZheXianManager.go 176> 没有当前地址对应的influxdb
2022-09-23/17:17:02 [ERR] <ZheXianManager.go 159> err: %v
数据全为空
2022-09-23/17:17:21 [ERR] <errors.go 59> PUE查询中，没有对应地址的influx数据库
2022-09-23/17:17:21 [ERR] <ZheXianManager.go 176> 没有当前地址对应的influxdb
2022-09-23/17:17:22 [ERR] <ZheXianManager.go 159> err: %v
数据全为空
2022-09-23/17:17:41 [ERR] <errors.go 59> PUE查询中，没有对应地址的influx数据库
2022-09-23/17:17:41 [ERR] <ZheXianManager.go 176> 没有当前地址对应的influxdb
2022-09-23/17:17:42 [ERR] <ZheXianManager.go 159> err: %v
数据全为空
2022-09-23/17:18:01 [ERR] <errors.go 59> PUE查询中，没有对应地址的influx数据库
2022-09-23/17:18:01 [ERR] <ZheXianManager.go 176> 没有当前地址对应的influxdb
2022-09-23/17:18:02 [ERR] <ZheXianManager.go 159> err: %v
数据全为空
2022-09-23/17:18:21 [ERR] <errors.go 59> PUE查询中，没有对应地址的influx数据库
2022-09-23/17:18:21 [ERR] <ZheXianManager.go 176> 没有当前地址对应的influxdb
2022-09-23/17:18:22 [ERR] <ZheXianManager.go 159> err: %v
数据全为空
2022-09-23/17:18:41 [ERR] <errors.go 59> PUE查询中，没有对应地址的influx数据库
2022-09-23/17:18:41 [ERR] <ZheXianManager.go 176> 没有当前地址对应的influxdb
2022-09-23/17:18:42 [ERR] <ZheXianManager.go 159> err: %v
数据全为空
2022-09-23/17:19:01 [ERR] <errors.go 59> PUE查询中，没有对应地址的influx数据库
2022-09-23/17:19:01 [ERR] <ZheXianManager.go 176> 没有当前地址对应的influxdb
2022-09-23/17:19:02 [ERR] <ZheXianManager.go 159> err: %v
数据全为空
2022-09-26/15:33:59 [ERR] <errors.go 59> PUE查询中，没有对应地址的influx数据库
2022-09-26/15:33:59 [ERR] <ZheXianManager.go 176> 没有当前地址对应的influxdb
2022-09-26/15:33:59 [ERR] <ZheXianManager.go 159> err: %v
数据全为空
2022-09-26/15:34:38 [ERR] <errors.go 59> PUE查询中，没有对应地址的influx数据库
2022-09-26/15:34:39 [ERR] <ZheXianManager.go 176> 没有当前地址对应的influxdb
2022-09-26/15:34:39 [ERR] <ZheXianManager.go 159> err: %v
数据全为空
2022-09-26/15:34:53 [ERR] <ZheXianManager.go 176> 没有当前地址对应的influxdb
2022-09-26/15:34:53 [ERR] <errors.go 59> PUE查询中，没有对应地址的influx数据库
2022-09-26/15:34:54 [ERR] <ZheXianManager.go 159> err: %v
数据全为空
2022-09-26/15:35:06 [ERR] <ZheXianManager.go 176> 没有当前地址对应的influxdb
2022-09-26/15:35:06 [ERR] <errors.go 59> PUE查询中，没有对应地址的influx数据库
2022-09-26/15:35:07 [ERR] <ZheXianManager.go 159> err: %v
数据全为空
2022-09-26/15:35:46 [ERR] <errors.go 59> PUE查询中，没有对应地址的influx数据库
2022-09-26/15:35:46 [ERR] <ZheXianManager.go 176> 没有当前地址对应的influxdb
2022-09-26/15:35:47 [ERR] <ZheXianManager.go 159> err: %v
数据全为空
2022-09-26/15:36:07 [ERR] <errors.go 59> PUE查询中，没有对应地址的influx数据库
2022-09-26/15:36:07 [ERR] <ZheXianManager.go 176> 没有当前地址对应的influxdb
2022-09-26/15:36:07 [ERR] <ZheXianManager.go 159> err: %v
数据全为空
2022-09-26/15:36:26 [ERR] <errors.go 59> PUE查询中，没有对应地址的influx数据库
2022-09-26/15:36:26 [ERR] <ZheXianManager.go 176> 没有当前地址对应的influxdb
2022-09-26/15:36:27 [ERR] <ZheXianManager.go 159> err: %v
数据全为空
2022-09-26/15:36:48 [ERR] <errors.go 59> PUE查询中，没有对应地址的influx数据库
2022-09-26/15:36:48 [ERR] <ZheXianManager.go 176> 没有当前地址对应的influxdb
2022-09-26/15:36:48 [ERR] <ZheXianManager.go 159> err: %v
数据全为空
2022-09-26/15:37:28 [ERR] <ZheXianManager.go 176> 没有当前地址对应的influxdb
2022-09-26/15:37:28 [ERR] <errors.go 59> PUE查询中，没有对应地址的influx数据库
2022-09-26/15:37:28 [ERR] <ZheXianManager.go 159> err: %v
数据全为空
2022-09-26/15:37:48 [ERR] <errors.go 59> PUE查询中，没有对应地址的influx数据库
2022-09-26/15:37:48 [ERR] <ZheXianManager.go 176> 没有当前地址对应的influxdb
2022-09-26/15:37:48 [ERR] <ZheXianManager.go 159> err: %v
数据全为空
2022-09-26/15:38:01 [ERR] <ZheXianManager.go 176> 没有当前地址对应的influxdb
2022-09-26/15:38:01 [ERR] <errors.go 59> PUE查询中，没有对应地址的influx数据库
2022-09-26/15:38:01 [ERR] <ZheXianManager.go 159> err: %v
数据全为空
2022-09-26/15:38:41 [ERR] <ZheXianManager.go 176> 没有当前地址对应的influxdb
2022-09-26/15:38:41 [ERR] <errors.go 59> PUE查询中，没有对应地址的influx数据库
2022-09-26/15:38:41 [ERR] <ZheXianManager.go 159> err: %v
数据全为空
2022-09-26/15:39:01 [ERR] <errors.go 59> PUE查询中，没有对应地址的influx数据库
2022-09-26/15:39:01 [ERR] <ZheXianManager.go 176> 没有当前地址对应的influxdb
2022-09-26/15:39:02 [ERR] <ZheXianManager.go 159> err: %v
数据全为空
2022-09-26/15:39:21 [ERR] <ZheXianManager.go 176> 没有当前地址对应的influxdb
2022-09-26/15:39:21 [ERR] <errors.go 59> PUE查询中，没有对应地址的influx数据库
2022-09-26/15:39:22 [ERR] <ZheXianManager.go 159> err: %v
数据全为空
2022-09-26/15:39:41 [ERR] <errors.go 59> PUE查询中，没有对应地址的influx数据库
2022-09-26/15:39:41 [ERR] <ZheXianManager.go 176> 没有当前地址对应的influxdb
2022-09-26/15:39:41 [ERR] <ZheXianManager.go 159> err: %v
数据全为空
2022-09-26/15:40:01 [ERR] <errors.go 59> PUE查询中，没有对应地址的influx数据库
2022-09-26/15:40:01 [ERR] <ZheXianManager.go 176> 没有当前地址对应的influxdb
2022-09-26/15:40:01 [ERR] <ZheXianManager.go 159> err: %v
数据全为空
2022-09-26/15:40:21 [ERR] <errors.go 59> PUE查询中，没有对应地址的influx数据库
2022-09-26/15:40:21 [ERR] <ZheXianManager.go 176> 没有当前地址对应的influxdb
2022-09-26/15:40:21 [ERR] <ZheXianManager.go 159> err: %v
数据全为空
2022-09-26/15:40:41 [ERR] <errors.go 59> PUE查询中，没有对应地址的influx数据库
2022-09-26/15:40:41 [ERR] <ZheXianManager.go 176> 没有当前地址对应的influxdb
2022-09-26/15:40:41 [ERR] <ZheXianManager.go 159> err: %v
数据全为空
2022-09-26/15:41:01 [ERR] <errors.go 59> PUE查询中，没有对应地址的influx数据库
2022-09-26/15:41:01 [ERR] <ZheXianManager.go 176> 没有当前地址对应的influxdb
2022-09-26/15:41:02 [ERR] <ZheXianManager.go 159> err: %v
数据全为空
2022-09-26/15:41:21 [ERR] <ZheXianManager.go 176> 没有当前地址对应的influxdb
2022-09-26/15:41:21 [ERR] <errors.go 59> PUE查询中，没有对应地址的influx数据库
2022-09-26/15:41:21 [ERR] <ZheXianManager.go 159> err: %v
数据全为空
2022-09-26/15:41:41 [ERR] <errors.go 59> PUE查询中，没有对应地址的influx数据库
2022-09-26/15:41:41 [ERR] <ZheXianManager.go 176> 没有当前地址对应的influxdb
2022-09-26/15:41:42 [ERR] <ZheXianManager.go 159> err: %v
数据全为空
2022-09-26/15:42:01 [ERR] <errors.go 59> PUE查询中，没有对应地址的influx数据库
2022-09-26/15:42:01 [ERR] <ZheXianManager.go 176> 没有当前地址对应的influxdb
2022-09-26/15:42:02 [ERR] <ZheXianManager.go 159> err: %v
数据全为空
2022-09-26/15:42:21 [ERR] <errors.go 59> PUE查询中，没有对应地址的influx数据库
2022-09-26/15:42:21 [ERR] <ZheXianManager.go 176> 没有当前地址对应的influxdb
2022-09-26/15:42:21 [ERR] <ZheXianManager.go 159> err: %v
数据全为空
2022-09-26/15:42:41 [ERR] <errors.go 59> PUE查询中，没有对应地址的influx数据库
2022-09-26/15:42:41 [ERR] <ZheXianManager.go 176> 没有当前地址对应的influxdb
2022-09-26/15:42:42 [ERR] <ZheXianManager.go 159> err: %v
数据全为空
2022-09-26/15:43:01 [ERR] <errors.go 59> PUE查询中，没有对应地址的influx数据库
2022-09-26/15:43:02 [ERR] <ZheXianManager.go 176> 没有当前地址对应的influxdb
2022-09-26/15:43:02 [ERR] <ZheXianManager.go 159> err: %v
数据全为空
2022-09-26/15:43:12 [ERR] <ZheXianManager.go 176> 没有当前地址对应的influxdb
2022-09-26/15:43:12 [ERR] <errors.go 59> PUE查询中，没有对应地址的influx数据库
2022-09-26/15:43:12 [ERR] <ZheXianManager.go 159> err: %v
数据全为空
2022-09-26/15:43:42 [ERR] <ZheXianManager.go 176> 没有当前地址对应的influxdb
2022-09-26/15:43:42 [ERR] <errors.go 59> PUE查询中，没有对应地址的influx数据库
2022-09-26/15:43:42 [ERR] <ZheXianManager.go 159> err: %v
数据全为空
2022-09-27/13:45:25 [ERR] <ZheXianManager.go 96> 配置文件中未导入P001_A018influxdb相关数据
2022-09-27/13:46:36 [ERR] <ZheXianManager.go 95> 配置文件中未导入P001_A018influxdb相关数据
2022-09-27/13:47:32 [ERR] <ZheXianManager.go 95> 配置文件中未导入P001_A018influxdb相关数据
2022-09-27/13:49:40 [ERR] <ZheXianManager.go 261> INFLUX_FindMonthColdArrow error:invalid: failed to decode request body: organization name "sspaas_test" not found
2022-09-27/13:49:41 [ERR] <ZheXianManager.go 200> INFLUX_FindDayColdArrow error:invalid: failed to decode request body: organization name "sspaas_test" not found
2022-09-27/13:49:41 [ERR] <Devicemanager.go 616> PUE查询中，查询influx数据库错误invalid: failed to decode request body: organization name "sspaas_test" not found
2022-09-27/13:49:41 [ERR] <ZheXianManager.go 384> INFLUX_FindMonthColdArrow error:invalid: failed to decode request body: organization name "sspaas_test" not found
2022-09-27/13:49:41 [ERR] <ZheXianManager.go 261> INFLUX_FindMonthColdArrow error:invalid: failed to decode request body: organization name "sspaas_test" not found
2022-09-27/13:49:41 [ERR] <ZheXianManager.go 163> err: 数据全为空
2022-09-27/14:53:11 [ERR] <HttpHandler.go 26> Listen Server error:listen tcp :8090: bind: An attempt was made to access a socket in a way forbidden by its access permissions.
2022-09-27/14:53:11 [ERR] <HttpHandler.go 16> initServlet error:listen tcp :8090: bind: An attempt was made to access a socket in a way forbidden by its access permissions.
2022-09-27/14:53:43 [ERR] <HttpHandler.go 26> Listen Server error:listen tcp :8090: bind: An attempt was made to access a socket in a way forbidden by its access permissions.
2022-09-27/14:53:43 [ERR] <HttpHandler.go 16> initServlet error:listen tcp :8090: bind: An attempt was made to access a socket in a way forbidden by its access permissions.
2022-09-27/14:54:44 [ERR] <HttpHandler.go 26> Listen Server error:listen tcp :8090: bind: An attempt was made to access a socket in a way forbidden by its access permissions.
2022-09-27/14:54:44 [ERR] <HttpHandler.go 16> initServlet error:listen tcp :8090: bind: An attempt was made to access a socket in a way forbidden by its access permissions.
2022-09-27/14:54:59 [ERR] <HttpHandler.go 26> Listen Server error:listen tcp :8091: bind: An attempt was made to access a socket in a way forbidden by its access permissions.
2022-09-27/14:54:59 [ERR] <HttpHandler.go 16> initServlet error:listen tcp :8091: bind: An attempt was made to access a socket in a way forbidden by its access permissions.
2022-09-27/17:02:16 [ERR] <ZheXianManager.go 174> 没有当前地址对应的influxdb
2022-09-27/17:02:16 [ERR] <ZheXianManager.go 157> err: 数据全为空
2022-09-27/17:02:27 [ERR] <ZheXianManager.go 174> 没有当前地址对应的influxdb
2022-09-27/17:02:27 [ERR] <ZheXianManager.go 157> err: 数据全为空
2022-10-18/09:39:57 [ERR] <ZheXianManager.go 267> INFLUX_FindMonthColdArrow error:invalid: failed to decode request body: organization name "sspaas_test" not found
2022-10-18/09:39:57 [ERR] <ZheXianManager.go 206> INFLUX_FindDayColdArrow error:invalid: failed to decode request body: organization name "sspaas_test" not found
2022-10-18/09:39:57 [ERR] <ZheXianManager.go 390> INFLUX_FindMonthColdArrow error:invalid: failed to decode request body: organization name "sspaas_test" not found
2022-10-18/09:39:58 [ERR] <ZheXianManager.go 267> INFLUX_FindMonthColdArrow error:invalid: failed to decode request body: organization name "sspaas_test" not found
2022-10-18/09:39:58 [ERR] <ZheXianManager.go 169> err: 数据全为空
2022-10-18/09:40:00 [ERR] <ZheXianManager.go 267> INFLUX_FindMonthColdArrow error:invalid: failed to decode request body: organization name "sspaas_test" not found
2022-10-18/09:40:00 [ERR] <ZheXianManager.go 206> INFLUX_FindDayColdArrow error:invalid: failed to decode request body: organization name "sspaas_test" not found
2022-10-18/09:40:00 [ERR] <ZheXianManager.go 390> INFLUX_FindMonthColdArrow error:invalid: failed to decode request body: organization name "sspaas_test" not found
2022-10-18/09:40:01 [ERR] <ZheXianManager.go 267> INFLUX_FindMonthColdArrow error:invalid: failed to decode request body: organization name "sspaas_test" not found
2022-10-18/09:40:01 [ERR] <ZheXianManager.go 169> err: 数据全为空
2022-10-18/09:40:32 [ERR] <ZheXianManager.go 267> INFLUX_FindMonthColdArrow error:invalid: failed to decode request body: organization name "sspaas_test" not found
2022-10-18/09:40:33 [ERR] <ZheXianManager.go 206> INFLUX_FindDayColdArrow error:invalid: failed to decode request body: organization name "sspaas_test" not found
2022-10-18/09:40:33 [ERR] <ZheXianManager.go 390> INFLUX_FindMonthColdArrow error:invalid: failed to decode request body: organization name "sspaas_test" not found
2022-10-18/09:40:33 [ERR] <ZheXianManager.go 267> INFLUX_FindMonthColdArrow error:invalid: failed to decode request body: organization name "sspaas_test" not found
2022-10-18/09:40:35 [ERR] <ZheXianManager.go 267> INFLUX_FindMonthColdArrow error:invalid: failed to decode request body: organization name "sspaas_test" not found
2022-10-18/09:40:35 [ERR] <ZheXianManager.go 206> INFLUX_FindDayColdArrow error:invalid: failed to decode request body: organization name "sspaas_test" not found
2022-10-18/09:40:36 [ERR] <ZheXianManager.go 390> INFLUX_FindMonthColdArrow error:invalid: failed to decode request body: organization name "sspaas_test" not found
2022-10-18/09:40:36 [ERR] <ZheXianManager.go 267> INFLUX_FindMonthColdArrow error:invalid: failed to decode request body: organization name "sspaas_test" not found
2022-10-18/09:40:38 [ERR] <ZheXianManager.go 267> INFLUX_FindMonthColdArrow error:invalid: failed to decode request body: organization name "sspaas_test" not found
2022-10-18/09:40:38 [ERR] <ZheXianManager.go 206> INFLUX_FindDayColdArrow error:invalid: failed to decode request body: organization name "sspaas_test" not found
2022-10-18/09:40:39 [ERR] <ZheXianManager.go 390> INFLUX_FindMonthColdArrow error:invalid: failed to decode request body: organization name "sspaas_test" not found
2022-10-18/09:40:39 [ERR] <ZheXianManager.go 267> INFLUX_FindMonthColdArrow error:invalid: failed to decode request body: organization name "sspaas_test" not found
2022-10-18/09:40:41 [ERR] <ZheXianManager.go 267> INFLUX_FindMonthColdArrow error:invalid: failed to decode request body: organization name "sspaas_test" not found
2022-10-18/09:40:41 [ERR] <ZheXianManager.go 206> INFLUX_FindDayColdArrow error:invalid: failed to decode request body: organization name "sspaas_test" not found
2022-10-18/09:40:41 [ERR] <ZheXianManager.go 390> INFLUX_FindMonthColdArrow error:invalid: failed to decode request body: organization name "sspaas_test" not found
2022-10-18/09:40:42 [ERR] <ZheXianManager.go 267> INFLUX_FindMonthColdArrow error:invalid: failed to decode request body: organization name "sspaas_test" not found
2022-10-18/09:40:43 [ERR] <ZheXianManager.go 267> INFLUX_FindMonthColdArrow error:invalid: failed to decode request body: organization name "sspaas_test" not found
2022-10-18/09:40:44 [ERR] <ZheXianManager.go 206> INFLUX_FindDayColdArrow error:invalid: failed to decode request body: organization name "sspaas_test" not found
2022-10-18/09:40:44 [ERR] <ZheXianManager.go 390> INFLUX_FindMonthColdArrow error:invalid: failed to decode request body: organization name "sspaas_test" not found
2022-10-18/09:40:44 [ERR] <ZheXianManager.go 267> INFLUX_FindMonthColdArrow error:invalid: failed to decode request body: organization name "sspaas_test" not found
2022-10-18/09:40:46 [ERR] <ZheXianManager.go 267> INFLUX_FindMonthColdArrow error:invalid: failed to decode request body: organization name "sspaas_test" not found
2022-10-18/09:40:46 [ERR] <ZheXianManager.go 206> INFLUX_FindDayColdArrow error:invalid: failed to decode request body: organization name "sspaas_test" not found
2022-10-18/09:40:47 [ERR] <ZheXianManager.go 390> INFLUX_FindMonthColdArrow error:invalid: failed to decode request body: organization name "sspaas_test" not found
2022-10-18/09:40:47 [ERR] <ZheXianManager.go 267> INFLUX_FindMonthColdArrow error:invalid: failed to decode request body: organization name "sspaas_test" not found
2022-10-18/09:40:49 [ERR] <ZheXianManager.go 267> INFLUX_FindMonthColdArrow error:invalid: failed to decode request body: organization name "sspaas_test" not found
2022-10-18/09:40:49 [ERR] <ZheXianManager.go 206> INFLUX_FindDayColdArrow error:invalid: failed to decode request body: organization name "sspaas_test" not found
2022-10-18/09:40:49 [ERR] <ZheXianManager.go 390> INFLUX_FindMonthColdArrow error:invalid: failed to decode request body: organization name "sspaas_test" not found
2022-10-18/09:40:50 [ERR] <ZheXianManager.go 267> INFLUX_FindMonthColdArrow error:invalid: failed to decode request body: organization name "sspaas_test" not found
2022-10-18/09:40:52 [ERR] <ZheXianManager.go 267> INFLUX_FindMonthColdArrow error:invalid: failed to decode request body: organization name "sspaas_test" not found
2022-10-18/09:40:52 [ERR] <ZheXianManager.go 206> INFLUX_FindDayColdArrow error:invalid: failed to decode request body: organization name "sspaas_test" not found
2022-10-18/09:40:52 [ERR] <ZheXianManager.go 390> INFLUX_FindMonthColdArrow error:invalid: failed to decode request body: organization name "sspaas_test" not found
2022-10-18/09:40:53 [ERR] <ZheXianManager.go 267> INFLUX_FindMonthColdArrow error:invalid: failed to decode request body: organization name "sspaas_test" not found
2022-10-18/09:42:18 [ERR] <ZheXianManager.go 267> INFLUX_FindMonthColdArrow error:invalid: failed to decode request body: organization name "sspaas_test" not found
2022-10-18/09:42:19 [ERR] <ZheXianManager.go 206> INFLUX_FindDayColdArrow error:invalid: failed to decode request body: organization name "sspaas_test" not found
2022-10-18/09:42:19 [ERR] <ZheXianManager.go 390> INFLUX_FindMonthColdArrow error:invalid: failed to decode request body: organization name "sspaas_test" not found
2022-10-18/09:42:19 [ERR] <ZheXianManager.go 267> INFLUX_FindMonthColdArrow error:invalid: failed to decode request body: organization name "sspaas_test" not found
2022-10-18/09:42:23 [ERR] <ZheXianManager.go 267> INFLUX_FindMonthColdArrow error:invalid: failed to decode request body: organization name "sspaas_test" not found
2022-10-18/09:42:24 [ERR] <ZheXianManager.go 206> INFLUX_FindDayColdArrow error:invalid: failed to decode request body: organization name "sspaas_test" not found
2022-10-18/09:42:24 [ERR] <ZheXianManager.go 390> INFLUX_FindMonthColdArrow error:invalid: failed to decode request body: organization name "sspaas_test" not found
2022-10-18/09:42:24 [ERR] <ZheXianManager.go 267> INFLUX_FindMonthColdArrow error:invalid: failed to decode request body: organization name "sspaas_test" not found
2022-10-18/10:48:55 [ERR] <Devicemanager.go 618> PUE查询中，查询influx数据库错误invalid: failed to decode request body: organization name "sspaas_test" not found
2022-10-18/10:49:12 [ERR] <Devicemanager.go 618> PUE查询中，查询influx数据库错误invalid: failed to decode request body: organization name "sspaas_test" not found
2022-10-18/10:49:25 [ERR] <Devicemanager.go 618> PUE查询中，查询influx数据库错误invalid: failed to decode request body: organization name "sspaas_test" not found
2022-10-18/10:50:03 [ERR] <errors.go 59> PUE查询中，没有对应地址的influx数据库
2022-10-18/10:50:11 [ERR] <Devicemanager.go 618> PUE查询中，查询influx数据库错误invalid: failed to decode request body: organization name "sspaas_test" not found
2022-10-18/10:50:47 [ERR] <Devicemanager.go 618> PUE查询中，查询influx数据库错误invalid: failed to decode request body: organization name "sspaas_test" not found
2022-10-18/10:50:56 [ERR] <Devicemanager.go 618> PUE查询中，查询influx数据库错误invalid: failed to decode request body: organization name "sspaas_test" not found
2022-10-18/10:51:00 [ERR] <Devicemanager.go 618> PUE查询中，查询influx数据库错误invalid: failed to decode request body: organization name "sspaas_test" not found
2022-10-18/10:51:04 [ERR] <Devicemanager.go 618> PUE查询中，查询influx数据库错误invalid: failed to decode request body: organization name "sspaas_test" not found
2022-10-18/10:51:08 [ERR] <Devicemanager.go 618> PUE查询中，查询influx数据库错误invalid: failed to decode request body: organization name "sspaas_test" not found
2022-10-18/10:51:55 [ERR] <Devicemanager.go 618> PUE查询中，查询influx数据库错误invalid: failed to decode request body: organization name "sspaas_test" not found
2022-10-18/11:03:53 [ERR] <Devicemanager.go 618> PUE查询中，查询influx数据库错误invalid: failed to decode request body: organization name "sspaas_test" not found
2022-10-18/11:09:00 [ERR] <Devicemanager.go 619> PUE查询中，查询influx数据库错误invalid: failed to decode request body: organization name "sspaas_test" not found
2022-10-18/11:12:05 [ERR] <Devicemanager.go 619> PUE查询中，查询influx数据库错误invalid: failed to decode request body: organization name "sspaas_test" not found
2022-10-18/11:12:08 [ERR] <Devicemanager.go 619> PUE查询中，查询influx数据库错误invalid: failed to decode request body: organization name "sspaas_test" not found
2022-10-18/11:12:10 [ERR] <Devicemanager.go 619> PUE查询中，查询influx数据库错误invalid: failed to decode request body: organization name "sspaas_test" not found
2022-10-18/11:13:10 [ERR] <ZheXianManager.go 168> err: 数据全为空
2022-10-18/11:13:11 [ERR] <Devicemanager.go 619> PUE查询中，查询influx数据库错误invalid: failed to decode request body: organization name "sspaas_test" not found
2022-10-18/11:13:22 [ERR] <Devicemanager.go 619> PUE查询中，查询influx数据库错误invalid: failed to decode request body: organization name "sspaas_test" not found
2022-10-18/11:13:27 [ERR] <Devicemanager.go 619> PUE查询中，查询influx数据库错误invalid: failed to decode request body: organization name "sspaas_test" not found
2022-10-18/11:14:08 [ERR] <Devicemanager.go 619> PUE查询中，查询influx数据库错误invalid: failed to decode request body: organization name "sspaas_test" not found
2022-10-18/11:14:30 [ERR] <Devicemanager.go 619> PUE查询中，查询influx数据库错误invalid: failed to decode request body: organization name "sspaas_test" not found
2022-10-18/11:14:47 [ERR] <Devicemanager.go 619> PUE查询中，查询influx数据库错误invalid: failed to decode request body: organization name "sspaas_test" not found
2022-10-18/11:15:07 [ERR] <Devicemanager.go 619> PUE查询中，查询influx数据库错误invalid: failed to decode request body: organization name "sspaas_test" not found
2022-10-18/14:33:23 [ERR] <Devicemanager.go 619> PUE查询中，查询influx数据库错误invalid: failed to decode request body: organization name "sspaas_test" not found
2022-10-18/14:33:24 [ERR] <Devicemanager.go 619> PUE查询中，查询influx数据库错误invalid: failed to decode request body: organization name "sspaas_test" not found
2022-10-18/14:33:26 [ERR] <Devicemanager.go 619> PUE查询中，查询influx数据库错误invalid: failed to decode request body: organization name "sspaas_test" not found
2022-10-18/14:33:28 [ERR] <Devicemanager.go 619> PUE查询中，查询influx数据库错误invalid: failed to decode request body: organization name "sspaas_test" not found
2022-10-18/14:40:13 [ERR] <ZheXianManager.go 168> err: 数据全为空
2022-10-18/14:40:25 [ERR] <ZheXianManager.go 168> err: 数据全为空
2022-10-18/14:40:34 [ERR] <Devicemanager.go 325> DB_FindDeviceId error:dial tcp 10.5.1.253:3306: connectex: A connection attempt failed because the connected party did not properly respond after a period of time, or established connection failed because connected host has failed to respond.
2022-10-18/14:40:34 [ERR] <errors.go 59> 无PUE相关设备
2022-10-18/14:40:35 [ERR] <Devicemanager.go 619> PUE查询中，查询influx数据库错误invalid: failed to decode request body: organization name "sspaas_test" not found
2022-10-18/14:40:37 [ERR] <ZheXianManager.go 168> err: 数据全为空
2022-10-18/14:40:37 [ERR] <Devicemanager.go 619> PUE查询中，查询influx数据库错误invalid: failed to decode request body: organization name "sspaas_test" not found
2022-10-18/14:40:46 [ERR] <ZheXianManager.go 168> err: 数据全为空
2022-10-18/14:40:47 [ERR] <Devicemanager.go 619> PUE查询中，查询influx数据库错误invalid: failed to decode request body: organization name "sspaas_test" not found
2022-10-18/14:40:54 [ERR] <ZheXianManager.go 168> err: 数据全为空
2022-10-18/14:40:54 [ERR] <errors.go 59> PUE查询中，没有对应地址的influx数据库
2022-10-18/14:41:08 [ERR] <ZheXianManager.go 168> err: 数据全为空
2022-10-18/14:41:09 [ERR] <Devicemanager.go 619> PUE查询中，查询influx数据库错误invalid: failed to decode request body: organization name "sspaas_test" not found
2022-10-18/14:41:25 [ERR] <ZheXianManager.go 168> err: 数据全为空
2022-10-18/14:41:26 [ERR] <Devicemanager.go 619> PUE查询中，查询influx数据库错误invalid: failed to decode request body: organization name "sspaas_test" not found
2022-10-18/14:41:42 [ERR] <ZheXianManager.go 168> err: 数据全为空
2022-10-18/14:41:42 [ERR] <Devicemanager.go 619> PUE查询中，查询influx数据库错误invalid: failed to decode request body: organization name "sspaas_test" not found
2022-10-18/14:42:42 [ERR] <ZheXianManager.go 168> err: 数据全为空
2022-10-18/14:42:42 [ERR] <Devicemanager.go 619> PUE查询中，查询influx数据库错误invalid: failed to decode request body: organization name "sspaas_test" not found
2022-10-18/14:42:55 [ERR] <ZheXianManager.go 168> err: 数据全为空
2022-10-18/14:42:55 [ERR] <Devicemanager.go 619> PUE查询中，查询influx数据库错误invalid: failed to decode request body: organization name "sspaas_test" not found
2022-10-18/14:43:09 [ERR] <ZheXianManager.go 168> err: 数据全为空
2022-10-18/14:43:09 [ERR] <Devicemanager.go 619> PUE查询中，查询influx数据库错误invalid: failed to decode request body: organization name "sspaas_test" not found
2022-10-18/14:43:24 [ERR] <ZheXianManager.go 168> err: 数据全为空
2022-10-18/14:43:24 [ERR] <Devicemanager.go 619> PUE查询中，查询influx数据库错误invalid: failed to decode request body: organization name "sspaas_test" not found
2022-10-18/14:43:28 [ERR] <ZheXianManager.go 168> err: 数据全为空
2022-10-18/14:43:30 [ERR] <Devicemanager.go 619> PUE查询中，查询influx数据库错误invalid: failed to decode request body: organization name "sspaas_test" not found
2022-10-18/14:43:47 [ERR] <ZheXianManager.go 168> err: 数据全为空
2022-10-18/14:43:47 [ERR] <Devicemanager.go 619> PUE查询中，查询influx数据库错误invalid: failed to decode request body: organization name "sspaas_test" not found
2022-10-18/14:44:20 [ERR] <ZheXianManager.go 168> err: 数据全为空
2022-10-18/14:44:22 [ERR] <Devicemanager.go 619> PUE查询中，查询influx数据库错误invalid: failed to decode request body: organization name "sspaas_test" not found
2022-10-18/14:45:00 [ERR] <ZheXianManager.go 168> err: 数据全为空
2022-10-18/14:45:01 [ERR] <Devicemanager.go 619> PUE查询中，查询influx数据库错误invalid: failed to decode request body: organization name "sspaas_test" not found
2022-10-18/14:45:19 [ERR] <ZheXianManager.go 168> err: 数据全为空
2022-10-18/14:45:20 [ERR] <Devicemanager.go 619> PUE查询中，查询influx数据库错误invalid: failed to decode request body: organization name "sspaas_test" not found
2022-10-18/14:45:39 [ERR] <ZheXianManager.go 168> err: 数据全为空
2022-10-18/14:45:39 [ERR] <ZheXianManager.go 168> err: 数据全为空
2022-10-18/14:45:40 [ERR] <Devicemanager.go 619> PUE查询中，查询influx数据库错误invalid: failed to decode request body: organization name "sspaas_test" not found
2022-10-18/14:45:56 [ERR] <ZheXianManager.go 168> err: 数据全为空
2022-10-18/14:45:56 [ERR] <Devicemanager.go 619> PUE查询中，查询influx数据库错误invalid: failed to decode request body: organization name "sspaas_test" not found
2022-10-18/14:46:00 [ERR] <ZheXianManager.go 168> err: 数据全为空
2022-10-18/14:46:00 [ERR] <Devicemanager.go 619> PUE查询中，查询influx数据库错误invalid: failed to decode request body: organization name "sspaas_test" not found
2022-10-18/14:46:07 [ERR] <ZheXianManager.go 168> err: 数据全为空
2022-10-18/14:46:07 [ERR] <Devicemanager.go 619> PUE查询中，查询influx数据库错误invalid: failed to decode request body: organization name "sspaas_test" not found
2022-10-18/14:46:12 [ERR] <ZheXianManager.go 168> err: 数据全为空
2022-10-18/14:46:13 [ERR] <Devicemanager.go 619> PUE查询中，查询influx数据库错误invalid: failed to decode request body: organization name "sspaas_test" not found
2022-10-18/14:46:31 [ERR] <ZheXianManager.go 168> err: 数据全为空
2022-10-18/14:46:32 [ERR] <Devicemanager.go 619> PUE查询中，查询influx数据库错误invalid: failed to decode request body: organization name "sspaas_test" not found
2022-10-18/14:46:36 [ERR] <ZheXianManager.go 168> err: 数据全为空
2022-10-18/14:46:37 [ERR] <Devicemanager.go 619> PUE查询中，查询influx数据库错误invalid: failed to decode request body: organization name "sspaas_test" not found
2022-10-18/14:46:43 [ERR] <ZheXianManager.go 168> err: 数据全为空
2022-10-18/14:46:43 [ERR] <Devicemanager.go 619> PUE查询中，查询influx数据库错误invalid: failed to decode request body: organization name "sspaas_test" not found
2022-10-18/14:46:49 [ERR] <ZheXianManager.go 168> err: 数据全为空
2022-10-18/14:46:50 [ERR] <Devicemanager.go 619> PUE查询中，查询influx数据库错误invalid: failed to decode request body: organization name "sspaas_test" not found
2022-10-18/14:46:58 [ERR] <ZheXianManager.go 168> err: 数据全为空
2022-10-18/14:46:59 [ERR] <Devicemanager.go 619> PUE查询中，查询influx数据库错误invalid: failed to decode request body: organization name "sspaas_test" not found
2022-10-18/14:47:04 [ERR] <ZheXianManager.go 168> err: 数据全为空
2022-10-18/14:47:04 [ERR] <errors.go 59> PUE查询中，没有对应地址的influx数据库
2022-10-18/14:47:13 [ERR] <ZheXianManager.go 168> err: 数据全为空
2022-10-18/14:47:13 [ERR] <errors.go 59> PUE查询中，没有对应地址的influx数据库
2022-10-18/14:47:20 [ERR] <ZheXianManager.go 168> err: 数据全为空
2022-10-18/14:47:20 [ERR] <Devicemanager.go 619> PUE查询中，查询influx数据库错误invalid: failed to decode request body: organization name "sspaas_test" not found
2022-10-18/14:47:35 [ERR] <ZheXianManager.go 168> err: 数据全为空
2022-10-18/14:47:36 [ERR] <Devicemanager.go 619> PUE查询中，查询influx数据库错误invalid: failed to decode request body: organization name "sspaas_test" not found
2022-10-18/14:47:36 [ERR] <ZheXianManager.go 168> err: 数据全为空
2022-10-18/14:47:37 [ERR] <Devicemanager.go 619> PUE查询中，查询influx数据库错误invalid: failed to decode request body: organization name "sspaas_test" not found
2022-10-18/14:47:44 [ERR] <ZheXianManager.go 168> err: 数据全为空
2022-10-18/14:47:44 [ERR] <Devicemanager.go 619> PUE查询中，查询influx数据库错误invalid: failed to decode request body: organization name "sspaas_test" not found
2022-10-18/14:47:46 [ERR] <ZheXianManager.go 168> err: 数据全为空
2022-10-18/14:47:46 [ERR] <Devicemanager.go 619> PUE查询中，查询influx数据库错误invalid: failed to decode request body: organization name "sspaas_test" not found
2022-10-18/14:47:48 [ERR] <ZheXianManager.go 168> err: 数据全为空
2022-10-18/14:47:49 [ERR] <Devicemanager.go 619> PUE查询中，查询influx数据库错误invalid: failed to decode request body: organization name "sspaas_test" not found
2022-10-18/14:47:54 [ERR] <ZheXianManager.go 168> err: 数据全为空
2022-10-18/14:47:54 [ERR] <Devicemanager.go 619> PUE查询中，查询influx数据库错误invalid: failed to decode request body: organization name "sspaas_test" not found
2022-10-18/14:48:00 [ERR] <ZheXianManager.go 168> err: 数据全为空
2022-10-18/14:48:01 [ERR] <Devicemanager.go 619> PUE查询中，查询influx数据库错误invalid: failed to decode request body: organization name "sspaas_test" not found
2022-10-18/14:48:04 [ERR] <ZheXianManager.go 168> err: 数据全为空
2022-10-18/14:48:04 [ERR] <Devicemanager.go 619> PUE查询中，查询influx数据库错误invalid: failed to decode request body: organization name "sspaas_test" not found
2022-10-18/14:48:08 [ERR] <ZheXianManager.go 168> err: 数据全为空
2022-10-18/14:48:09 [ERR] <Devicemanager.go 619> PUE查询中，查询influx数据库错误invalid: failed to decode request body: organization name "sspaas_test" not found
2022-10-18/14:48:12 [ERR] <ZheXianManager.go 168> err: 数据全为空
2022-10-18/14:48:13 [ERR] <Devicemanager.go 619> PUE查询中，查询influx数据库错误invalid: failed to decode request body: organization name "sspaas_test" not found
2022-10-18/14:48:16 [ERR] <ZheXianManager.go 168> err: 数据全为空
2022-10-18/14:48:17 [ERR] <Devicemanager.go 619> PUE查询中，查询influx数据库错误invalid: failed to decode request body: organization name "sspaas_test" not found
2022-10-18/14:48:21 [ERR] <ZheXianManager.go 168> err: 数据全为空
2022-10-18/14:48:21 [ERR] <Devicemanager.go 619> PUE查询中，查询influx数据库错误invalid: failed to decode request body: organization name "sspaas_test" not found
2022-10-18/14:48:26 [ERR] <ZheXianManager.go 168> err: 数据全为空
2022-10-18/14:48:27 [ERR] <Devicemanager.go 619> PUE查询中，查询influx数据库错误invalid: failed to decode request body: organization name "sspaas_test" not found
2022-10-18/14:48:33 [ERR] <ZheXianManager.go 168> err: 数据全为空
2022-10-18/14:48:34 [ERR] <Devicemanager.go 619> PUE查询中，查询influx数据库错误invalid: failed to decode request body: organization name "sspaas_test" not found
2022-10-18/14:48:40 [ERR] <ZheXianManager.go 168> err: 数据全为空
2022-10-18/14:48:40 [ERR] <Devicemanager.go 619> PUE查询中，查询influx数据库错误invalid: failed to decode request body: organization name "sspaas_test" not found
2022-10-18/14:48:56 [ERR] <ZheXianManager.go 168> err: 数据全为空
2022-10-18/14:48:56 [ERR] <Devicemanager.go 619> PUE查询中，查询influx数据库错误invalid: failed to decode request body: organization name "sspaas_test" not found
2022-10-18/14:49:03 [ERR] <ZheXianManager.go 168> err: 数据全为空
2022-10-18/14:49:04 [ERR] <errors.go 59> PUE查询中，没有对应地址的influx数据库
2022-10-18/14:52:09 [ERR] <Devicemanager.go 619> PUE查询中，查询influx数据库错误invalid: failed to decode request body: organization name "sspaas_test" not found
2022-10-18/14:52:49 [ERR] <Devicemanager.go 619> PUE查询中，查询influx数据库错误invalid: failed to decode request body: organization name "sspaas_test" not found
2022-10-18/14:53:09 [ERR] <Devicemanager.go 619> PUE查询中，查询influx数据库错误invalid: failed to decode request body: organization name "sspaas_test" not found
2022-10-18/14:53:13 [ERR] <Devicemanager.go 619> PUE查询中，查询influx数据库错误invalid: failed to decode request body: organization name "sspaas_test" not found
2022-10-18/14:53:21 [ERR] <Devicemanager.go 619> PUE查询中，查询influx数据库错误invalid: failed to decode request body: organization name "sspaas_test" not found
2022-10-18/14:54:01 [ERR] <Devicemanager.go 619> PUE查询中，查询influx数据库错误invalid: failed to decode request body: organization name "sspaas_test" not found
2022-10-18/14:56:28 [ERR] <Devicemanager.go 619> PUE查询中，查询influx数据库错误invalid: failed to decode request body: organization name "sspaas_test" not found
2022-10-18/14:57:08 [ERR] <Devicemanager.go 619> PUE查询中，查询influx数据库错误invalid: failed to decode request body: organization name "sspaas_test" not found
2022-10-18/14:57:28 [ERR] <ZheXianManager.go 168> err: 数据全为空
2022-10-18/14:57:28 [ERR] <Devicemanager.go 619> PUE查询中，查询influx数据库错误invalid: failed to decode request body: organization name "sspaas_test" not found
2022-10-18/14:57:49 [ERR] <Devicemanager.go 619> PUE查询中，查询influx数据库错误invalid: failed to decode request body: organization name "sspaas_test" not found
2022-10-18/14:58:01 [ERR] <Devicemanager.go 619> PUE查询中，查询influx数据库错误invalid: failed to decode request body: organization name "sspaas_test" not found
2022-10-18/14:58:05 [ERR] <Devicemanager.go 619> PUE查询中，查询influx数据库错误invalid: failed to decode request body: organization name "sspaas_test" not found
2022-10-18/14:58:08 [ERR] <Devicemanager.go 619> PUE查询中，查询influx数据库错误invalid: failed to decode request body: organization name "sspaas_test" not found
2022-10-18/14:58:19 [ERR] <Devicemanager.go 619> PUE查询中，查询influx数据库错误invalid: failed to decode request body: organization name "sspaas_test" not found
2022-10-18/14:58:38 [ERR] <Devicemanager.go 619> PUE查询中，查询influx数据库错误invalid: failed to decode request body: organization name "sspaas_test" not found
2022-10-18/14:59:18 [ERR] <Devicemanager.go 619> PUE查询中，查询influx数据库错误invalid: failed to decode request body: organization name "sspaas_test" not found
2022-10-18/14:59:38 [ERR] <Devicemanager.go 619> PUE查询中，查询influx数据库错误invalid: failed to decode request body: organization name "sspaas_test" not found
2022-10-18/14:59:58 [ERR] <Devicemanager.go 619> PUE查询中，查询influx数据库错误invalid: failed to decode request body: organization name "sspaas_test" not found
2022-10-18/15:00:18 [ERR] <Devicemanager.go 619> PUE查询中，查询influx数据库错误invalid: failed to decode request body: organization name "sspaas_test" not found
2022-10-18/15:03:15 [ERR] <Devicemanager.go 619> PUE查询中，查询influx数据库错误invalid: failed to decode request body: organization name "sspaas_test" not found
2022-10-18/15:03:26 [ERR] <Devicemanager.go 619> PUE查询中，查询influx数据库错误invalid: failed to decode request body: organization name "sspaas_test" not found
2022-10-18/15:03:29 [ERR] <Devicemanager.go 619> PUE查询中，查询influx数据库错误invalid: failed to decode request body: organization name "sspaas_test" not found
2022-10-18/15:03:32 [ERR] <Devicemanager.go 619> PUE查询中，查询influx数据库错误invalid: failed to decode request body: organization name "sspaas_test" not found
2022-10-18/15:03:34 [ERR] <Devicemanager.go 619> PUE查询中，查询influx数据库错误invalid: failed to decode request body: organization name "sspaas_test" not found
2022-10-18/15:04:15 [ERR] <Devicemanager.go 619> PUE查询中，查询influx数据库错误invalid: failed to decode request body: organization name "sspaas_test" not found
2022-10-18/15:04:36 [ERR] <Devicemanager.go 619> PUE查询中，查询influx数据库错误invalid: failed to decode request body: organization name "sspaas_test" not found
2022-10-18/15:04:37 [ERR] <Devicemanager.go 619> PUE查询中，查询influx数据库错误invalid: failed to decode request body: organization name "sspaas_test" not found
2022-10-18/15:04:39 [ERR] <Devicemanager.go 619> PUE查询中，查询influx数据库错误invalid: failed to decode request body: organization name "sspaas_test" not found
2022-10-18/15:04:46 [ERR] <Devicemanager.go 619> PUE查询中，查询influx数据库错误invalid: failed to decode request body: organization name "sspaas_test" not found
2022-10-18/15:04:59 [ERR] <Devicemanager.go 619> PUE查询中，查询influx数据库错误invalid: failed to decode request body: organization name "sspaas_test" not found
2022-10-18/15:05:02 [ERR] <Devicemanager.go 619> PUE查询中，查询influx数据库错误invalid: failed to decode request body: organization name "sspaas_test" not found
2022-10-18/15:05:16 [ERR] <Devicemanager.go 619> PUE查询中，查询influx数据库错误invalid: failed to decode request body: organization name "sspaas_test" not found
2022-10-18/15:05:23 [ERR] <Devicemanager.go 619> PUE查询中，查询influx数据库错误invalid: failed to decode request body: organization name "sspaas_test" not found
2022-10-18/15:05:24 [ERR] <Devicemanager.go 619> PUE查询中，查询influx数据库错误invalid: failed to decode request body: organization name "sspaas_test" not found
2022-10-18/15:05:27 [ERR] <Devicemanager.go 619> PUE查询中，查询influx数据库错误invalid: failed to decode request body: organization name "sspaas_test" not found
2022-10-18/15:05:30 [ERR] <Devicemanager.go 619> PUE查询中，查询influx数据库错误invalid: failed to decode request body: organization name "sspaas_test" not found
2022-10-18/15:07:35 [ERR] <Devicemanager.go 619> PUE查询中，查询influx数据库错误invalid: failed to decode request body: organization name "sspaas_test" not found
2022-10-18/15:08:06 [ERR] <Devicemanager.go 619> PUE查询中，查询influx数据库错误invalid: failed to decode request body: organization name "sspaas_test" not found
2022-10-18/15:08:22 [ERR] <Devicemanager.go 619> PUE查询中，查询influx数据库错误invalid: failed to decode request body: organization name "sspaas_test" not found
2022-10-18/15:28:50 [ERR] <Devicemanager.go 619> PUE查询中，查询influx数据库错误invalid: failed to decode request body: organization name "sspaas_test" not found
2022-10-18/15:29:19 [ERR] <Devicemanager.go 619> PUE查询中，查询influx数据库错误invalid: failed to decode request body: organization name "sspaas_test" not found
2022-10-18/15:29:46 [ERR] <Devicemanager.go 619> PUE查询中，查询influx数据库错误invalid: failed to decode request body: organization name "sspaas_test" not found
2022-10-18/15:30:13 [ERR] <Devicemanager.go 619> PUE查询中，查询influx数据库错误invalid: failed to decode request body: organization name "sspaas_test" not found
2022-10-18/15:30:19 [ERR] <Devicemanager.go 619> PUE查询中，查询influx数据库错误invalid: failed to decode request body: organization name "sspaas_test" not found
2022-10-18/15:30:59 [ERR] <Devicemanager.go 619> PUE查询中，查询influx数据库错误invalid: failed to decode request body: organization name "sspaas_test" not found
2022-10-18/15:31:19 [ERR] <Devicemanager.go 619> PUE查询中，查询influx数据库错误invalid: failed to decode request body: organization name "sspaas_test" not found
2022-10-18/15:31:39 [ERR] <Devicemanager.go 619> PUE查询中，查询influx数据库错误invalid: failed to decode request body: organization name "sspaas_test" not found
2022-10-18/15:31:59 [ERR] <Devicemanager.go 619> PUE查询中，查询influx数据库错误invalid: failed to decode request body: organization name "sspaas_test" not found
2022-10-18/15:32:19 [ERR] <Devicemanager.go 619> PUE查询中，查询influx数据库错误invalid: failed to decode request body: organization name "sspaas_test" not found
2022-10-18/15:32:39 [ERR] <Devicemanager.go 619> PUE查询中，查询influx数据库错误invalid: failed to decode request body: organization name "sspaas_test" not found
2022-10-18/15:32:59 [ERR] <Devicemanager.go 619> PUE查询中，查询influx数据库错误invalid: failed to decode request body: organization name "sspaas_test" not found
2022-10-18/15:33:03 [ERR] <Devicemanager.go 619> PUE查询中，查询influx数据库错误invalid: failed to decode request body: organization name "sspaas_test" not found
2022-10-18/15:33:07 [ERR] <Devicemanager.go 619> PUE查询中，查询influx数据库错误invalid: failed to decode request body: organization name "sspaas_test" not found
2022-10-18/15:33:22 [ERR] <ZheXianManager.go 168> err: 数据全为空
2022-10-18/15:33:22 [ERR] <Devicemanager.go 619> PUE查询中，查询influx数据库错误invalid: failed to decode request body: organization name "sspaas_test" not found
2022-10-18/15:34:02 [ERR] <Devicemanager.go 619> PUE查询中，查询influx数据库错误invalid: failed to decode request body: organization name "sspaas_test" not found
2022-10-18/15:34:22 [ERR] <Devicemanager.go 619> PUE查询中，查询influx数据库错误invalid: failed to decode request body: organization name "sspaas_test" not found
2022-10-18/15:34:42 [ERR] <Devicemanager.go 619> PUE查询中，查询influx数据库错误invalid: failed to decode request body: organization name "sspaas_test" not found
2022-10-18/15:35:02 [ERR] <Devicemanager.go 619> PUE查询中，查询influx数据库错误invalid: failed to decode request body: organization name "sspaas_test" not found
2022-10-18/15:35:22 [ERR] <Devicemanager.go 619> PUE查询中，查询influx数据库错误invalid: failed to decode request body: organization name "sspaas_test" not found
2022-10-18/15:35:42 [ERR] <Devicemanager.go 619> PUE查询中，查询influx数据库错误invalid: failed to decode request body: organization name "sspaas_test" not found
2022-10-18/15:35:56 [ERR] <Devicemanager.go 619> PUE查询中，查询influx数据库错误invalid: failed to decode request body: organization name "sspaas_test" not found
2022-10-18/15:36:02 [ERR] <Devicemanager.go 619> PUE查询中，查询influx数据库错误invalid: failed to decode request body: organization name "sspaas_test" not found
2022-10-18/15:36:22 [ERR] <Devicemanager.go 619> PUE查询中，查询influx数据库错误invalid: failed to decode request body: organization name "sspaas_test" not found
2022-10-18/15:36:36 [ERR] <Devicemanager.go 619> PUE查询中，查询influx数据库错误invalid: failed to decode request body: organization name "sspaas_test" not found
2022-10-18/15:36:42 [ERR] <Devicemanager.go 619> PUE查询中，查询influx数据库错误invalid: failed to decode request body: organization name "sspaas_test" not found
2022-10-18/15:36:57 [ERR] <Devicemanager.go 619> PUE查询中，查询influx数据库错误invalid: failed to decode request body: organization name "sspaas_test" not found
2022-10-18/15:37:16 [ERR] <Devicemanager.go 619> PUE查询中，查询influx数据库错误invalid: failed to decode request body: organization name "sspaas_test" not found
2022-10-18/15:37:37 [ERR] <Devicemanager.go 619> PUE查询中，查询influx数据库错误invalid: failed to decode request body: organization name "sspaas_test" not found
2022-10-18/15:37:57 [ERR] <Devicemanager.go 619> PUE查询中，查询influx数据库错误invalid: failed to decode request body: organization name "sspaas_test" not found
2022-10-18/15:38:17 [ERR] <Devicemanager.go 619> PUE查询中，查询influx数据库错误invalid: failed to decode request body: organization name "sspaas_test" not found
2022-10-18/15:38:37 [ERR] <Devicemanager.go 619> PUE查询中，查询influx数据库错误invalid: failed to decode request body: organization name "sspaas_test" not found
2022-10-18/15:38:57 [ERR] <Devicemanager.go 619> PUE查询中，查询influx数据库错误invalid: failed to decode request body: organization name "sspaas_test" not found
2022-10-18/15:39:14 [ERR] <HttpHandler.go 26> Listen Server error:listen tcp :8091: bind: Only one usage of each socket address (protocol/network address/port) is normally permitted.
2022-10-18/15:39:14 [ERR] <HttpHandler.go 16> initServlet error:listen tcp :8091: bind: Only one usage of each socket address (protocol/network address/port) is normally permitted.
2022-10-18/15:39:16 [ERR] <ZheXianManager.go 168> err: 数据全为空
2022-10-18/15:39:17 [ERR] <Devicemanager.go 619> PUE查询中，查询influx数据库错误invalid: failed to decode request body: organization name "sspaas_test" not found
2022-10-18/15:39:38 [ERR] <Devicemanager.go 619> PUE查询中，查询influx数据库错误invalid: failed to decode request body: organization name "sspaas_test" not found
2022-10-18/15:39:57 [ERR] <Devicemanager.go 619> PUE查询中，查询influx数据库错误invalid: failed to decode request body: organization name "sspaas_test" not found
2022-10-18/15:40:17 [ERR] <Devicemanager.go 619> PUE查询中，查询influx数据库错误invalid: failed to decode request body: organization name "sspaas_test" not found
2022-10-18/15:40:36 [ERR] <ZheXianManager.go 168> err: 数据全为空
2022-10-18/15:40:36 [ERR] <Devicemanager.go 619> PUE查询中，查询influx数据库错误invalid: failed to decode request body: organization name "sspaas_test" not found
2022-10-18/15:40:58 [ERR] <Devicemanager.go 619> PUE查询中，查询influx数据库错误invalid: failed to decode request body: organization name "sspaas_test" not found
2022-10-18/15:41:17 [ERR] <Devicemanager.go 619> PUE查询中，查询influx数据库错误invalid: failed to decode request body: organization name "sspaas_test" not found
2022-10-18/15:41:37 [ERR] <Devicemanager.go 619> PUE查询中，查询influx数据库错误invalid: failed to decode request body: organization name "sspaas_test" not found
2022-10-18/15:41:56 [ERR] <ZheXianManager.go 168> err: 数据全为空
2022-10-18/15:41:58 [ERR] <Devicemanager.go 619> PUE查询中，查询influx数据库错误invalid: failed to decode request body: organization name "sspaas_test" not found
2022-10-18/15:42:17 [ERR] <Devicemanager.go 619> PUE查询中，查询influx数据库错误invalid: failed to decode request body: organization name "sspaas_test" not found
2022-10-18/15:42:37 [ERR] <Devicemanager.go 619> PUE查询中，查询influx数据库错误invalid: failed to decode request body: organization name "sspaas_test" not found
2022-10-18/15:42:56 [ERR] <Devicemanager.go 619> PUE查询中，查询influx数据库错误invalid: failed to decode request body: organization name "sspaas_test" not found
2022-10-18/15:43:17 [ERR] <Devicemanager.go 619> PUE查询中，查询influx数据库错误invalid: failed to decode request body: organization name "sspaas_test" not found
2022-10-18/15:43:36 [ERR] <Devicemanager.go 619> PUE查询中，查询influx数据库错误invalid: failed to decode request body: organization name "sspaas_test" not found
2022-10-18/15:43:56 [ERR] <Devicemanager.go 619> PUE查询中，查询influx数据库错误invalid: failed to decode request body: organization name "sspaas_test" not found
2022-10-18/15:44:16 [ERR] <Devicemanager.go 619> PUE查询中，查询influx数据库错误invalid: failed to decode request body: organization name "sspaas_test" not found
2022-10-18/15:44:37 [ERR] <Devicemanager.go 619> PUE查询中，查询influx数据库错误invalid: failed to decode request body: organization name "sspaas_test" not found
2022-10-18/15:44:56 [ERR] <Devicemanager.go 619> PUE查询中，查询influx数据库错误invalid: failed to decode request body: organization name "sspaas_test" not found
2022-10-18/15:45:16 [ERR] <Devicemanager.go 619> PUE查询中，查询influx数据库错误invalid: failed to decode request body: organization name "sspaas_test" not found
2022-10-18/15:45:37 [ERR] <Devicemanager.go 619> PUE查询中，查询influx数据库错误invalid: failed to decode request body: organization name "sspaas_test" not found
2022-10-18/15:45:56 [ERR] <Devicemanager.go 619> PUE查询中，查询influx数据库错误invalid: failed to decode request body: organization name "sspaas_test" not found
2022-10-18/15:46:16 [ERR] <Devicemanager.go 619> PUE查询中，查询influx数据库错误invalid: failed to decode request body: organization name "sspaas_test" not found
2022-10-18/15:46:25 [ERR] <Devicemanager.go 619> PUE查询中，查询influx数据库错误invalid: failed to decode request body: organization name "sspaas_test" not found
2022-10-18/15:46:29 [ERR] <Devicemanager.go 619> PUE查询中，查询influx数据库错误invalid: failed to decode request body: organization name "sspaas_test" not found
2022-10-18/15:46:32 [ERR] <Devicemanager.go 619> PUE查询中，查询influx数据库错误invalid: failed to decode request body: organization name "sspaas_test" not found
2022-10-18/15:46:39 [ERR] <Devicemanager.go 619> PUE查询中，查询influx数据库错误invalid: failed to decode request body: organization name "sspaas_test" not found
2022-10-18/15:47:20 [ERR] <Devicemanager.go 619> PUE查询中，查询influx数据库错误invalid: failed to decode request body: organization name "sspaas_test" not found
2022-10-18/15:47:41 [ERR] <Devicemanager.go 619> PUE查询中，查询influx数据库错误invalid: failed to decode request body: organization name "sspaas_test" not found
2022-10-18/15:48:01 [ERR] <Devicemanager.go 619> PUE查询中，查询influx数据库错误invalid: failed to decode request body: organization name "sspaas_test" not found
2022-10-18/15:48:20 [ERR] <Devicemanager.go 619> PUE查询中，查询influx数据库错误invalid: failed to decode request body: organization name "sspaas_test" not found
2022-10-18/15:48:40 [ERR] <Devicemanager.go 619> PUE查询中，查询influx数据库错误invalid: failed to decode request body: organization name "sspaas_test" not found
2022-10-18/15:49:01 [ERR] <Devicemanager.go 619> PUE查询中，查询influx数据库错误invalid: failed to decode request body: organization name "sspaas_test" not found
2022-10-18/15:49:19 [ERR] <Devicemanager.go 619> PUE查询中，查询influx数据库错误invalid: failed to decode request body: organization name "sspaas_test" not found
2022-10-18/15:49:20 [ERR] <Devicemanager.go 619> PUE查询中，查询influx数据库错误invalid: failed to decode request body: organization name "sspaas_test" not found
2022-10-18/15:50:00 [ERR] <Devicemanager.go 619> PUE查询中，查询influx数据库错误invalid: failed to decode request body: organization name "sspaas_test" not found
2022-10-18/15:50:09 [ERR] <Devicemanager.go 619> PUE查询中，查询influx数据库错误invalid: failed to decode request body: organization name "sspaas_test" not found
2022-10-18/15:50:49 [ERR] <Devicemanager.go 619> PUE查询中，查询influx数据库错误invalid: failed to decode request body: organization name "sspaas_test" not found
2022-10-18/15:51:09 [ERR] <ZheXianManager.go 168> err: 数据全为空
2022-10-18/15:51:09 [ERR] <Devicemanager.go 619> PUE查询中，查询influx数据库错误invalid: failed to decode request body: organization name "sspaas_test" not found
2022-10-18/15:51:29 [ERR] <Devicemanager.go 619> PUE查询中，查询influx数据库错误invalid: failed to decode request body: organization name "sspaas_test" not found
2022-10-18/15:51:49 [ERR] <Devicemanager.go 619> PUE查询中，查询influx数据库错误invalid: failed to decode request body: organization name "sspaas_test" not found
2022-10-18/15:52:09 [ERR] <Devicemanager.go 619> PUE查询中，查询influx数据库错误invalid: failed to decode request body: organization name "sspaas_test" not found
2022-10-18/15:52:29 [ERR] <Devicemanager.go 619> PUE查询中，查询influx数据库错误invalid: failed to decode request body: organization name "sspaas_test" not found
2022-10-18/15:52:49 [ERR] <Devicemanager.go 619> PUE查询中，查询influx数据库错误invalid: failed to decode request body: organization name "sspaas_test" not found
2022-10-18/15:53:09 [ERR] <Devicemanager.go 619> PUE查询中，查询influx数据库错误invalid: failed to decode request body: organization name "sspaas_test" not found
2022-10-18/15:53:29 [ERR] <Devicemanager.go 619> PUE查询中，查询influx数据库错误invalid: failed to decode request body: organization name "sspaas_test" not found
2022-10-18/15:53:49 [ERR] <Devicemanager.go 619> PUE查询中，查询influx数据库错误invalid: failed to decode request body: organization name "sspaas_test" not found
2022-10-18/15:54:09 [ERR] <Devicemanager.go 619> PUE查询中，查询influx数据库错误invalid: failed to decode request body: organization name "sspaas_test" not found
2022-10-18/15:54:29 [ERR] <Devicemanager.go 619> PUE查询中，查询influx数据库错误invalid: failed to decode request body: organization name "sspaas_test" not found
2022-10-18/15:54:49 [ERR] <Devicemanager.go 619> PUE查询中，查询influx数据库错误invalid: failed to decode request body: organization name "sspaas_test" not found
2022-10-18/15:55:09 [ERR] <ZheXianManager.go 168> err: 数据全为空
2022-10-18/15:55:09 [ERR] <Devicemanager.go 619> PUE查询中，查询influx数据库错误invalid: failed to decode request body: organization name "sspaas_test" not found
2022-10-18/15:55:29 [ERR] <Devicemanager.go 619> PUE查询中，查询influx数据库错误invalid: failed to decode request body: organization name "sspaas_test" not found
2022-10-18/15:55:49 [ERR] <Devicemanager.go 619> PUE查询中，查询influx数据库错误invalid: failed to decode request body: organization name "sspaas_test" not found
2022-10-18/15:56:09 [ERR] <Devicemanager.go 619> PUE查询中，查询influx数据库错误invalid: failed to decode request body: organization name "sspaas_test" not found
2022-10-18/15:56:29 [ERR] <Devicemanager.go 619> PUE查询中，查询influx数据库错误invalid: failed to decode request body: organization name "sspaas_test" not found
2022-10-18/15:56:49 [ERR] <Devicemanager.go 619> PUE查询中，查询influx数据库错误invalid: failed to decode request body: organization name "sspaas_test" not found
2022-10-18/15:57:44 [ERR] <Devicemanager.go 619> PUE查询中，查询influx数据库错误invalid: failed to decode request body: organization name "sspaas_test" not found
2022-10-18/15:57:59 [ERR] <Devicemanager.go 619> PUE查询中，查询influx数据库错误invalid: failed to decode request body: organization name "sspaas_test" not found
2022-10-18/15:58:09 [ERR] <Devicemanager.go 619> PUE查询中，查询influx数据库错误invalid: failed to decode request body: organization name "sspaas_test" not found
2022-10-18/15:58:28 [ERR] <Devicemanager.go 619> PUE查询中，查询influx数据库错误invalid: failed to decode request body: organization name "sspaas_test" not found
2022-10-18/15:59:07 [ERR] <Devicemanager.go 619> PUE查询中，查询influx数据库错误invalid: failed to decode request body: organization name "sspaas_test" not found
2022-10-18/15:59:27 [ERR] <Devicemanager.go 619> PUE查询中，查询influx数据库错误invalid: failed to decode request body: organization name "sspaas_test" not found
2022-10-18/15:59:47 [ERR] <Devicemanager.go 619> PUE查询中，查询influx数据库错误invalid: failed to decode request body: organization name "sspaas_test" not found
2022-10-18/16:00:07 [ERR] <Devicemanager.go 619> PUE查询中，查询influx数据库错误invalid: failed to decode request body: organization name "sspaas_test" not found
2022-10-18/16:00:28 [ERR] <Devicemanager.go 619> PUE查询中，查询influx数据库错误invalid: failed to decode request body: organization name "sspaas_test" not found
2022-10-18/16:00:48 [ERR] <Devicemanager.go 619> PUE查询中，查询influx数据库错误invalid: failed to decode request body: organization name "sspaas_test" not found
2022-10-18/16:01:09 [ERR] <Devicemanager.go 619> PUE查询中，查询influx数据库错误invalid: failed to decode request body: organization name "sspaas_test" not found
2022-10-18/16:01:29 [ERR] <Devicemanager.go 619> PUE查询中，查询influx数据库错误invalid: failed to decode request body: organization name "sspaas_test" not found
2022-10-18/16:01:48 [ERR] <Devicemanager.go 619> PUE查询中，查询influx数据库错误invalid: failed to decode request body: organization name "sspaas_test" not found
2022-10-18/16:02:08 [ERR] <Devicemanager.go 619> PUE查询中，查询influx数据库错误invalid: failed to decode request body: organization name "sspaas_test" not found
2022-10-18/16:02:28 [ERR] <Devicemanager.go 619> PUE查询中，查询influx数据库错误invalid: failed to decode request body: organization name "sspaas_test" not found
2022-10-18/16:02:48 [ERR] <Devicemanager.go 619> PUE查询中，查询influx数据库错误invalid: failed to decode request body: organization name "sspaas_test" not found
2022-10-18/16:03:09 [ERR] <Devicemanager.go 619> PUE查询中，查询influx数据库错误invalid: failed to decode request body: organization name "sspaas_test" not found
2022-10-18/16:03:29 [ERR] <Devicemanager.go 619> PUE查询中，查询influx数据库错误invalid: failed to decode request body: organization name "sspaas_test" not found
2022-10-18/16:03:49 [ERR] <Devicemanager.go 619> PUE查询中，查询influx数据库错误invalid: failed to decode request body: organization name "sspaas_test" not found
2022-10-18/16:04:09 [ERR] <Devicemanager.go 619> PUE查询中，查询influx数据库错误invalid: failed to decode request body: organization name "sspaas_test" not found
2022-10-18/16:04:28 [ERR] <Devicemanager.go 619> PUE查询中，查询influx数据库错误invalid: failed to decode request body: organization name "sspaas_test" not found
2022-10-18/16:04:48 [ERR] <Devicemanager.go 619> PUE查询中，查询influx数据库错误invalid: failed to decode request body: organization name "sspaas_test" not found
2022-10-18/16:05:09 [ERR] <Devicemanager.go 619> PUE查询中，查询influx数据库错误invalid: failed to decode request body: organization name "sspaas_test" not found
2022-10-18/16:05:29 [ERR] <Devicemanager.go 619> PUE查询中，查询influx数据库错误invalid: failed to decode request body: organization name "sspaas_test" not found
2022-10-18/16:05:48 [ERR] <Devicemanager.go 619> PUE查询中，查询influx数据库错误invalid: failed to decode request body: organization name "sspaas_test" not found
2022-10-18/16:06:08 [ERR] <Devicemanager.go 619> PUE查询中，查询influx数据库错误invalid: failed to decode request body: organization name "sspaas_test" not found
2022-10-18/16:06:45 [ERR] <Devicemanager.go 619> PUE查询中，查询influx数据库错误invalid: failed to decode request body: organization name "sspaas_test" not found
2022-10-18/16:07:45 [ERR] <Devicemanager.go 619> PUE查询中，查询influx数据库错误invalid: failed to decode request body: organization name "sspaas_test" not found
2022-10-18/16:08:45 [ERR] <Devicemanager.go 619> PUE查询中，查询influx数据库错误invalid: failed to decode request body: organization name "sspaas_test" not found
2022-10-18/16:09:44 [ERR] <ZheXianManager.go 168> err: 数据全为空
2022-10-18/16:09:45 [ERR] <Devicemanager.go 619> PUE查询中，查询influx数据库错误invalid: failed to decode request body: organization name "sspaas_test" not found
2022-10-18/16:09:56 [ERR] <Devicemanager.go 619> PUE查询中，查询influx数据库错误invalid: failed to decode request body: organization name "sspaas_test" not found
2022-10-18/16:10:37 [ERR] <Devicemanager.go 619> PUE查询中，查询influx数据库错误invalid: failed to decode request body: organization name "sspaas_test" not found
2022-10-18/16:10:57 [ERR] <Devicemanager.go 619> PUE查询中，查询influx数据库错误invalid: failed to decode request body: organization name "sspaas_test" not found
2022-10-18/16:11:17 [ERR] <Devicemanager.go 619> PUE查询中，查询influx数据库错误invalid: failed to decode request body: organization name "sspaas_test" not found
2022-10-18/16:11:37 [ERR] <Devicemanager.go 619> PUE查询中，查询influx数据库错误invalid: failed to decode request body: organization name "sspaas_test" not found
2022-10-18/16:11:56 [ERR] <Devicemanager.go 619> PUE查询中，查询influx数据库错误invalid: failed to decode request body: organization name "sspaas_test" not found
2022-10-18/16:12:16 [ERR] <Devicemanager.go 619> PUE查询中，查询influx数据库错误invalid: failed to decode request body: organization name "sspaas_test" not found
2022-10-18/16:12:36 [ERR] <Devicemanager.go 619> PUE查询中，查询influx数据库错误invalid: failed to decode request body: organization name "sspaas_test" not found
2022-10-18/16:12:57 [ERR] <Devicemanager.go 619> PUE查询中，查询influx数据库错误invalid: failed to decode request body: organization name "sspaas_test" not found
2022-10-18/16:13:17 [ERR] <Devicemanager.go 619> PUE查询中，查询influx数据库错误invalid: failed to decode request body: organization name "sspaas_test" not found
2022-10-18/16:13:38 [ERR] <Devicemanager.go 619> PUE查询中，查询influx数据库错误invalid: failed to decode request body: organization name "sspaas_test" not found
2022-10-18/16:13:57 [ERR] <Devicemanager.go 619> PUE查询中，查询influx数据库错误invalid: failed to decode request body: organization name "sspaas_test" not found
2022-10-18/16:14:17 [ERR] <Devicemanager.go 619> PUE查询中，查询influx数据库错误invalid: failed to decode request body: organization name "sspaas_test" not found
2022-10-18/16:14:37 [ERR] <ZheXianManager.go 168> err: 数据全为空
2022-10-18/16:14:37 [ERR] <Devicemanager.go 619> PUE查询中，查询influx数据库错误invalid: failed to decode request body: organization name "sspaas_test" not found
2022-10-18/16:14:57 [ERR] <Devicemanager.go 619> PUE查询中，查询influx数据库错误invalid: failed to decode request body: organization name "sspaas_test" not found
2022-10-18/16:15:17 [ERR] <Devicemanager.go 619> PUE查询中，查询influx数据库错误invalid: failed to decode request body: organization name "sspaas_test" not found
2022-10-18/16:15:36 [ERR] <Devicemanager.go 619> PUE查询中，查询influx数据库错误invalid: failed to decode request body: organization name "sspaas_test" not found
2022-10-18/16:15:56 [ERR] <Devicemanager.go 619> PUE查询中，查询influx数据库错误invalid: failed to decode request body: organization name "sspaas_test" not found
2022-10-18/16:16:44 [ERR] <Devicemanager.go 619> PUE查询中，查询influx数据库错误invalid: failed to decode request body: organization name "sspaas_test" not found
2022-10-18/16:16:58 [ERR] <Devicemanager.go 619> PUE查询中，查询influx数据库错误invalid: failed to decode request body: organization name "sspaas_test" not found
2022-10-18/16:17:21 [ERR] <Devicemanager.go 619> PUE查询中，查询influx数据库错误invalid: failed to decode request body: organization name "sspaas_test" not found
2022-10-18/16:17:32 [ERR] <Devicemanager.go 619> PUE查询中，查询influx数据库错误invalid: failed to decode request body: organization name "sspaas_test" not found
2022-10-18/16:17:44 [ERR] <Devicemanager.go 619> PUE查询中，查询influx数据库错误invalid: failed to decode request body: organization name "sspaas_test" not found
2022-10-18/16:17:47 [ERR] <Devicemanager.go 619> PUE查询中，查询influx数据库错误invalid: failed to decode request body: organization name "sspaas_test" not found
2022-10-18/16:17:50 [ERR] <Devicemanager.go 619> PUE查询中，查询influx数据库错误invalid: failed to decode request body: organization name "sspaas_test" not found
2022-10-18/16:18:30 [ERR] <Devicemanager.go 619> PUE查询中，查询influx数据库错误invalid: failed to decode request body: organization name "sspaas_test" not found
2022-10-18/16:18:50 [ERR] <Devicemanager.go 619> PUE查询中，查询influx数据库错误invalid: failed to decode request body: organization name "sspaas_test" not found
2022-10-18/16:19:10 [ERR] <Devicemanager.go 619> PUE查询中，查询influx数据库错误invalid: failed to decode request body: organization name "sspaas_test" not found
2022-10-18/16:19:30 [ERR] <Devicemanager.go 619> PUE查询中，查询influx数据库错误invalid: failed to decode request body: organization name "sspaas_test" not found
2022-10-18/16:19:49 [ERR] <Devicemanager.go 619> PUE查询中，查询influx数据库错误invalid: failed to decode request body: organization name "sspaas_test" not found
2022-10-18/16:22:41 [ERR] <ZheXianManager.go 168> err: 数据全为空
2022-10-18/16:22:42 [ERR] <Devicemanager.go 619> PUE查询中，查询influx数据库错误invalid: failed to decode request body: organization name "sspaas_test" not found
2022-10-18/16:22:57 [ERR] <Devicemanager.go 619> PUE查询中，查询influx数据库错误invalid: failed to decode request body: organization name "sspaas_test" not found
2022-10-18/16:23:06 [ERR] <Devicemanager.go 619> PUE查询中，查询influx数据库错误invalid: failed to decode request body: organization name "sspaas_test" not found
2022-10-18/16:23:11 [ERR] <Devicemanager.go 619> PUE查询中，查询influx数据库错误invalid: failed to decode request body: organization name "sspaas_test" not found
2022-10-18/16:23:27 [ERR] <Devicemanager.go 619> PUE查询中，查询influx数据库错误invalid: failed to decode request body: organization name "sspaas_test" not found
2022-10-18/16:24:07 [ERR] <Devicemanager.go 619> PUE查询中，查询influx数据库错误invalid: failed to decode request body: organization name "sspaas_test" not found
2022-10-18/16:24:27 [ERR] <Devicemanager.go 619> PUE查询中，查询influx数据库错误invalid: failed to decode request body: organization name "sspaas_test" not found
2022-10-18/16:24:47 [ERR] <Devicemanager.go 619> PUE查询中，查询influx数据库错误invalid: failed to decode request body: organization name "sspaas_test" not found
2022-10-18/16:25:07 [ERR] <Devicemanager.go 619> PUE查询中，查询influx数据库错误invalid: failed to decode request body: organization name "sspaas_test" not found
2022-10-18/16:25:27 [ERR] <Devicemanager.go 619> PUE查询中，查询influx数据库错误invalid: failed to decode request body: organization name "sspaas_test" not found
2022-10-18/16:25:47 [ERR] <Devicemanager.go 619> PUE查询中，查询influx数据库错误invalid: failed to decode request body: organization name "sspaas_test" not found
2022-10-18/16:26:07 [ERR] <Devicemanager.go 619> PUE查询中，查询influx数据库错误invalid: failed to decode request body: organization name "sspaas_test" not found
2022-10-18/16:26:27 [ERR] <Devicemanager.go 619> PUE查询中，查询influx数据库错误invalid: failed to decode request body: organization name "sspaas_test" not found
2022-10-18/16:26:47 [ERR] <Devicemanager.go 619> PUE查询中，查询influx数据库错误invalid: failed to decode request body: organization name "sspaas_test" not found
2022-10-18/16:27:42 [ERR] <Token.go 32> token:connection pool for 10.5.1.102:27017 was cleared because another operation failed with: connection(10.5.1.102:27017[-58]) incomplete read of message header: read tcp 10.168.30.18:5460->10.5.1.102:27017: i/o timeout
2022-10-18/16:27:42 [ERR] <Token.go 32> token:connection pool for 10.5.1.102:27017 was cleared because another operation failed with: connection(10.5.1.102:27017[-58]) incomplete read of message header: read tcp 10.168.30.18:5460->10.5.1.102:27017: i/o timeout
2022-10-18/16:27:42 [ERR] <Token.go 32> token:connection pool for 10.5.1.102:27017 was cleared because another operation failed with: connection(10.5.1.102:27017[-58]) incomplete read of message header: read tcp 10.168.30.18:5460->10.5.1.102:27017: i/o timeout
2022-10-18/16:27:42 [ERR] <Token.go 32> token:connection pool for 10.5.1.102:27017 was cleared because another operation failed with: connection(10.5.1.102:27017[-58]) incomplete read of message header: read tcp 10.168.30.18:5460->10.5.1.102:27017: i/o timeout
2022-10-18/16:27:42 [ERR] <Token.go 32> token:connection pool for 10.5.1.102:27017 was cleared because another operation failed with: connection(10.5.1.102:27017[-58]) incomplete read of message header: read tcp 10.168.30.18:5460->10.5.1.102:27017: i/o timeout
2022-10-18/16:27:42 [ERR] <Token.go 32> token:connection pool for 10.5.1.102:27017 was cleared because another operation failed with: connection(10.5.1.102:27017[-58]) incomplete read of message header: read tcp 10.168.30.18:5460->10.5.1.102:27017: i/o timeout
2022-10-18/16:28:12 [ERR] <Token.go 32> token:server selection error: server selection timeout, current topology: { Type: Single, Servers: [{ Addr: 10.5.1.102:27017, Type: Unknown, Last error: connection() error occurred during connection handshake: dial tcp 10.5.1.102:27017: i/o timeout }, ] }
2022-10-18/16:28:12 [ERR] <Token.go 32> token:server selection error: server selection timeout, current topology: { Type: Single, Servers: [{ Addr: 10.5.1.102:27017, Type: Unknown, Last error: connection() error occurred during connection handshake: dial tcp 10.5.1.102:27017: i/o timeout }, ] }
2022-10-18/16:28:12 [ERR] <Token.go 32> token:server selection error: server selection timeout, current topology: { Type: Single, Servers: [{ Addr: 10.5.1.102:27017, Type: Unknown, Last error: connection() error occurred during connection handshake: dial tcp 10.5.1.102:27017: i/o timeout }, ] }
2022-10-18/16:28:12 [ERR] <Token.go 32> token:server selection error: server selection timeout, current topology: { Type: Single, Servers: [{ Addr: 10.5.1.102:27017, Type: Unknown, Last error: connection() error occurred during connection handshake: dial tcp 10.5.1.102:27017: i/o timeout }, ] }
2022-10-18/16:28:12 [ERR] <Token.go 32> token:server selection error: server selection timeout, current topology: { Type: Single, Servers: [{ Addr: 10.5.1.102:27017, Type: Unknown, Last error: connection() error occurred during connection handshake: dial tcp 10.5.1.102:27017: i/o timeout }, ] }
2022-10-18/16:28:12 [ERR] <Token.go 32> token:server selection error: server selection timeout, current topology: { Type: Single, Servers: [{ Addr: 10.5.1.102:27017, Type: Unknown, Last error: connection() error occurred during connection handshake: dial tcp 10.5.1.102:27017: i/o timeout }, ] }
2022-10-18/16:28:42 [ERR] <Token.go 32> token:server selection error: server selection timeout, current topology: { Type: Single, Servers: [{ Addr: 10.5.1.102:27017, Type: Unknown, Last error: connection() error occurred during connection handshake: dial tcp 10.5.1.102:27017: i/o timeout }, ] }
2022-10-18/16:28:42 [ERR] <Token.go 32> token:server selection error: server selection timeout, current topology: { Type: Single, Servers: [{ Addr: 10.5.1.102:27017, Type: Unknown, Last error: connection() error occurred during connection handshake: dial tcp 10.5.1.102:27017: i/o timeout }, ] }
2022-10-19/10:03:22 [ERR] <ZheXianManager.go 168> err: 数据全为空
2022-10-19/10:10:34 [ERR] <ZheXianManager.go 168> err: 数据全为空
2022-10-19/10:11:14 [ERR] <ZheXianManager.go 168> err: 数据全为空
2022-10-19/10:38:25 [ERR] <ZheXianManager.go 168> err: 数据全为空
2022-10-19/10:42:41 [ERR] <ZheXianManager.go 168> err: 数据全为空
2022-10-19/10:47:18 [ERR] <ZheXianManager.go 168> err: 数据全为空
2022-10-19/10:48:46 [ERR] <ZheXianManager.go 168> err: 数据全为空
2022-10-19/10:53:04 [ERR] <ZheXianManager.go 168> err: 数据全为空
2022-10-19/10:59:01 [ERR] <ZheXianManager.go 168> err: 数据全为空
2022-10-19/10:59:30 [ERR] <ZheXianManager.go 168> err: 数据全为空
2022-10-19/11:00:08 [ERR] <ZheXianManager.go 168> err: 数据全为空
2022-10-19/11:04:54 [ERR] <ZheXianManager.go 168> err: 数据全为空
